<?xml version="1.0" encoding="UTF-8"?>
<!-- Generated by org.testng.reporters.JUnitXMLReporter -->
<testsuite ignored="0" hostname="Vandanas-Air" failures="0" tests="3" name="Test" time="0.135" errors="0" timestamp="2020-06-03T00:54:52 IST">
  <testcase classname="e2etests.HomePage" name="@BeforeTest initialize" time="0.022">
    <failure type="java.io.FileNotFoundException" message="/Users/vandanamoriwal (Is a directory)">
      <![CDATA[java.io.FileNotFoundException: /Users/vandanamoriwal (Is a directory)
at java.base/java.io.FileInputStream.open0(Native Method)
at java.base/java.io.FileInputStream.open(FileInputStream.java:219)
at java.base/java.io.FileInputStream.<init>(FileInputStream.java:157)
at java.base/java.io.FileInputStream.<init>(FileInputStream.java:112)
at resources.Base.initializeDriver(Base.java:19)
at e2etests.HomePage.initialize(HomePage.java:27)
... Removed 24 stack frames]]>
    </failure>
  </testcase> <!-- @BeforeTest initialize -->
  <testcase classname="e2etests.WomenSection" name="@BeforeTest initialize" time="-1.591125892724E9">
    <skipped/>
  </testcase> <!-- @BeforeTest initialize -->
  <testcase classname="e2etests.HomePage" name="basePageNavigation" time="0.0">
    <skipped/>
  </testcase> <!-- basePageNavigation -->
  <testcase classname="e2etests.HomePage" name="createAccount" time="0.0">
    <skipped/>
  </testcase> <!-- createAccount -->
  <testcase classname="e2etests.WomenSection" name="womenApparel" time="0.0">
    <skipped/>
  </testcase> <!-- womenApparel -->
</testsuite> <!-- Test -->
