<?xml version="1.0" encoding="UTF-8"?>
<!-- Generated by org.testng.reporters.JUnitXMLReporter -->
<testsuite ignored="0" hostname="Vandanas-Air" failures="1" tests="1" name="Test" time="0.077" errors="0" timestamp="2020-05-26T17:06:00 IST">
  <testcase classname="e2etests.HomePage" name="basePageNavigation" time="0.013">
    <failure type="java.lang.NullPointerException">
      <![CDATA[java.lang.NullPointerException
at e2etests.HomePage.basePageNavigation(HomePage.java:19)
at java.base/java.util.ArrayList.forEach(ArrayList.java:1540)
... Removed 27 stack frames]]>
    </failure>
  </testcase> <!-- basePageNavigation -->
</testsuite> <!-- Test -->
